<?xml version="1.0" encoding="UTF-8"?>
<testng-results skipped="0" failed="0" ignored="0" total="1" passed="1">
  <reporter-output>
  </reporter-output>
  <suite name="Default suite" duration-ms="94117" started-at="2020-02-29T04:12:48Z" finished-at="2020-02-29T04:14:22Z">
    <groups>
    </groups>
    <test name="Default test" duration-ms="94117" started-at="2020-02-29T04:12:48Z" finished-at="2020-02-29T04:14:22Z">
      <class name="test.NewAccountTest">
        <test-method status="PASS" signature="initialization()[pri:0, instance:test.NewAccountTest@7a8c8dcf]" name="initialization" is-config="true" duration-ms="16117" started-at="2020-02-29T04:12:48Z" finished-at="2020-02-29T04:13:04Z">
          <reporter-output>
          </reporter-output>
        </test-method> <!-- initialization -->
        <test-method status="PASS" signature="addNewAccount()[pri:1, instance:test.NewAccountTest@7a8c8dcf]" name="addNewAccount" duration-ms="77937" started-at="2020-02-29T04:13:04Z" finished-at="2020-02-29T04:14:22Z">
          <reporter-output>
          </reporter-output>
        </test-method> <!-- addNewAccount -->
      </class> <!-- test.NewAccountTest -->
    </test> <!-- Default test -->
  </suite> <!-- Default suite -->
</testng-results>
